#
# There is insufficient memory for the Java Runtime Environment to continue.
# Native memory allocation (malloc) failed to allocate 1048576 bytes for AllocateHeap
# Possible reasons:
#   The system is out of physical RAM or swap space
#   The process is running with CompressedOops enabled, and the Java Heap may be blocking the growth of the native heap
# Possible solutions:
#   Reduce memory load on the system
#   Increase physical memory or swap space
#   Check if swap backing store is full
#   Decrease Java heap size (-Xmx/-Xms)
#   Decrease number of Java threads
#   Decrease Java thread stack sizes (-Xss)
#   Set larger code cache with -XX:ReservedCodeCacheSize=
#   JVM is running with Unscaled Compressed Oops mode in which the Java heap is
#     placed in the first 4GB address space. The Java Heap base address is the
#     maximum limit for the native heap growth. Please use -XX:HeapBaseMinAddress
#     to set the Java Heap base and to place the Java Heap above 4GB virtual address.
# This output file may be truncated or incomplete.
#
#  Out of Memory Error (memory/allocation.inline.hpp:61), pid=19656, tid=0x0000000000004e28
#
# JRE version:  (8.0_211-b12) (build )
# Java VM: Java HotSpot(TM) 64-Bit Server VM (25.211-b12 mixed mode windows-amd64 compressed oops)
# Failed to write core dump. Minidumps are not enabled by default on client versions of Windows
#

---------------  T H R E A D  ---------------

Current thread (0x0000000002f72800):  JavaThread "Unknown thread" [_thread_in_vm, id=20008, stack(0x0000000002e70000,0x0000000002f70000)]

Stack: [0x0000000002e70000,0x0000000002f70000]
[error occurred during error reporting (printing stack bounds), id 0xc0000005]

Native frames: (J=compiled Java code, j=interpreted, Vv=VM code, C=native code)


---------------  P R O C E S S  ---------------

Java Threads: ( => current thread )

Other Threads:

=>0x0000000002f72800 (exited) JavaThread "Unknown thread" [_thread_in_vm, id=20008, stack(0x0000000002e70000,0x0000000002f70000)]

VM state:not at safepoint (normal execution)

VM Mutex/Monitor currently owned by a thread: None

heap address: 0x0000000081e00000, size: 2018 MB, Compressed Oops mode: 32-bit
Narrow klass base: 0x0000000000000000, Narrow klass shift: 3
Compressed class space size: 1073741824 Address: 0x0000000100000000

Heap:
 PSYoungGen      total 38400K, used 665K [0x00000000d5f80000, 0x00000000d8a00000, 0x0000000100000000)
  eden space 33280K, 2% used [0x00000000d5f80000,0x00000000d6026670,0x00000000d8000000)
  from space 5120K, 0% used [0x00000000d8500000,0x00000000d8500000,0x00000000d8a00000)
  to   space 5120K, 0% used [0x00000000d8000000,0x00000000d8000000,0x00000000d8500000)
 ParOldGen       total 87552K, used 0K [0x0000000081e00000, 0x0000000087380000, 0x00000000d5f80000)
  object space 87552K, 0% used [0x0000000081e00000,0x0000000081e00000,0x0000000087380000)
 Metaspace       used 786K, capacity 1156K, committed 1408K, reserved 1060864K
  class space    used 76K, capacity 384K, committed 384K, reserved 1048576K

Card table byte_map: [0x0000000012430000,0x0000000012830000] byte_map_base: 0x0000000012021000

Marking Bits: (ParMarkBitMap*) 0x00000000671c5ce0
 Begin Bits: [0x0000000012ee0000, 0x0000000014e68000)
 End Bits:   [0x0000000014e68000, 0x0000000016df0000)

Polling page: 0x00000000011f0000

CodeCache: size=245760Kb used=328Kb max_used=328Kb free=245431Kb
 bounds [0x0000000003070000, 0x00000000032e0000, 0x0000000012070000]
 total_blobs=58 nmethods=0 adapters=38
 compilation: enabled

Compilation events (0 events):
No events

GC Heap History (0 events):
No events

Deoptimization events (0 events):
No events

Classes redefined (0 events):
No events

Internal exceptions (0 events):
No events

Events (10 events):
Event: 0.025 loading class java/lang/Short
Event: 0.025 loading class java/lang/Short done
Event: 0.025 loading class java/lang/Integer
Event: 0.025 loading class java/lang/Integer done
Event: 0.025 loading class java/lang/Long
Event: 0.025 loading class java/lang/Long done
Event: 0.026 loading class java/lang/NullPointerException
Event: 0.026 loading class java/lang/NullPointerException done
Event: 0.026 loading class java/lang/ArithmeticException
Event: 0.026 loading class java/lang/ArithmeticException done


Dynamic libraries:
0x00007ff729e90000 - 0x00007ff729ec7000 	C:\Program Files\Java\jdk1.8.0_211\bin\java.exe
0x00007ff98c5a0000 - 0x00007ff98c790000 	C:\Windows\SYSTEM32\ntdll.dll
0x00007ff98b6e0000 - 0x00007ff98b792000 	C:\Windows\System32\KERNEL32.DLL
0x00007ff989fb0000 - 0x00007ff98a253000 	C:\Windows\System32\KERNELBASE.dll
0x00007ff98a6d0000 - 0x00007ff98a773000 	C:\Windows\System32\ADVAPI32.dll
0x00007ff98bf30000 - 0x00007ff98bfce000 	C:\Windows\System32\msvcrt.dll
0x00007ff98c310000 - 0x00007ff98c3a7000 	C:\Windows\System32\sechost.dll
0x00007ff98b7a0000 - 0x00007ff98b8c0000 	C:\Windows\System32\RPCRT4.dll
0x00007ff98a790000 - 0x00007ff98a924000 	C:\Windows\System32\USER32.dll
0x00007ff98a310000 - 0x00007ff98a331000 	C:\Windows\System32\win32u.dll
0x00007ff98bd40000 - 0x00007ff98bd66000 	C:\Windows\System32\GDI32.dll
0x00007ff98a3e0000 - 0x00007ff98a574000 	C:\Windows\System32\gdi32full.dll
0x00007ff98a340000 - 0x00007ff98a3de000 	C:\Windows\System32\msvcp_win.dll
0x00007ff989e50000 - 0x00007ff989f4a000 	C:\Windows\System32\ucrtbase.dll
0x00007ff976320000 - 0x00007ff9765a5000 	C:\Windows\WinSxS\amd64_microsoft.windows.common-controls_6595b64144ccf1df_6.0.18362.720_none_e6beb5c51314836b\COMCTL32.dll
0x00007ff98bfd0000 - 0x00007ff98c306000 	C:\Windows\System32\combase.dll
0x00007ff98a580000 - 0x00007ff98a600000 	C:\Windows\System32\bcryptPrimitives.dll
0x00007ff98b650000 - 0x00007ff98b67e000 	C:\Windows\System32\IMM32.DLL
0x00000000668c0000 - 0x0000000066992000 	C:\Program Files\Java\jdk1.8.0_211\jre\bin\msvcr100.dll
0x00000000669a0000 - 0x0000000067245000 	C:\Program Files\Java\jdk1.8.0_211\jre\bin\server\jvm.dll
0x00007ff98a940000 - 0x00007ff98a948000 	C:\Windows\System32\PSAPI.DLL
0x00007ff983060000 - 0x00007ff983069000 	C:\Windows\SYSTEM32\WSOCK32.dll
0x00007ff98ba60000 - 0x00007ff98bacf000 	C:\Windows\System32\WS2_32.dll
0x00007ff987360000 - 0x00007ff987384000 	C:\Windows\SYSTEM32\WINMM.dll
0x00007ff983450000 - 0x00007ff98345a000 	C:\Windows\SYSTEM32\VERSION.dll
0x00007ff9871f0000 - 0x00007ff98721d000 	C:\Windows\SYSTEM32\winmmbase.dll
0x00007ff98a600000 - 0x00007ff98a64a000 	C:\Windows\System32\cfgmgr32.dll
0x00007ff982ee0000 - 0x00007ff982eef000 	C:\Program Files\Java\jdk1.8.0_211\jre\bin\verify.dll
0x00007ff981fb0000 - 0x00007ff981fd9000 	C:\Program Files\Java\jdk1.8.0_211\jre\bin\java.dll
0x00007ff982cc0000 - 0x00007ff982cd6000 	C:\Program Files\Java\jdk1.8.0_211\jre\bin\zip.dll

VM Arguments:
jvm_args: -Dfile.encoding=UTF-8 
java_command: newpackage1.Driver
java_class_path (initial): D:\EME\JDBC_EME\JDBC_EME\mysql-connector-java-8.0.21\mysql-connector-java-8.0.21\mysql-connector-java-8.0.21.jar;C:\Users\nehra\OneDrive\Desktop\VS\Projects\Banking\JavaApplication6\build\classes
Launcher Type: SUN_STANDARD

Environment Variables:
PATH=C:\Python38\Scripts\;C:\Python38\;C:\Program Files (x86)\Common Files\Intel\Shared Libraries\redist\intel64\compiler;C:\Program Files (x86)\Common Files\Oracle\Java\javapath;C:\Windows\system32;C:\Windows;C:\Windows\System32\Wbem;C:\Windows\System32\WindowsPowerShell\v1.0\;C:\Windows\System32\OpenSSH\;C:\Program Files\NVIDIA Corporation\NVIDIA NvDLISR;C:\Program Files (x86)\NVIDIA Corporation\PhysX\Common;C:\Program Files\Git\cmd;C:\Program Files\nodejs\;C:\ProgramData\chocolatey\bin;C:\Program Files\Notepad++;C:\Program Files\Calibre2\;C:\Users\nehra\Anaconda3;C:\Users\nehra\Anaconda3\Library\mingw-w64\bin;C:\Users\nehra\Anaconda3\Library\usr\bin;C:\Users\nehra\Anaconda3\Library\bin;C:\Users\nehra\Anaconda3\Scripts;C:\Users\nehra\AppData\Local\Programs\Python\Python37\Scripts\;C:\Users\nehra\AppData\Local\Programs\Python\Python37\;C:\Users\nehra\AppData\Local\Microsoft\WindowsApps;C:\Program Files\JetBrains\IntelliJ IDEA Community Edition 2020.1.1\bin;C:\Users\nehra\AppData\Local\Programs\Microsoft VS Code\bin;C:\Program Files\JetBrains\PyCharm Community Edition 2020.1.1\bin;C:\Users\nehra\AppData\Local\atom\bin;C:\Program Files\Java\jdk1.8.0_211\bin;C:\Users\nehra\AppData\Roaming\npm;C:\Users\nehra\OneDrive\Desktop\VS\Scatches\Random;C:\Users\nehra\AppData\Roaming\Python\Python38\Scripts;D:\Flutter\flutter\bin;
USERNAME=nehra
OS=Windows_NT
PROCESSOR_IDENTIFIER=Intel64 Family 6 Model 142 Stepping 9, GenuineIntel



---------------  S Y S T E M  ---------------

OS: Windows 10.0 , 64 bit Build 18362 (10.0.18362.329)

CPU:total 4 (initial active 4) (2 cores per cpu, 2 threads per core) family 6 model 142 stepping 9, cmov, cx8, fxsr, mmx, sse, sse2, sse3, ssse3, sse4.1, sse4.2, popcnt, avx, avx2, aes, clmul, erms, 3dnowpref, lzcnt, ht, tsc, tscinvbit, bmi1, bmi2, adx

Memory: 4k page, physical 8260324k(1416232k free), swap 33426148k(5276k free)

vm_info: Java HotSpot(TM) 64-Bit Server VM (25.211-b12) for windows-amd64 JRE (1.8.0_211-b12), built on Apr  1 2019 20:53:26 by "java_re" with MS VC++ 10.0 (VS2010)

time: Wed Aug 12 18:29:38 2020
timezone: India Standard Time
elapsed time: 0 seconds (0d 0h 0m 0s)

